2025-08-25T08:28:07Z [INFO] core: write operation on secret/api/external-keys by deploy_service - success
2025-08-25T08:47:07Z [WARN] core: write operation on secret/ssl/certificates by service_app1 - permission denied
2025-08-25T08:56:07Z [INFO] core: delete operation on secret/api/external-keys by admin_user - success
2025-08-25T09:11:07Z [INFO] core: list operation on secret/database/prod-credentials by service_app2 - success
2025-08-25T09:29:07Z [INFO] core: write operation on secret/database/prod-credentials by service_app1 - success
2025-08-25T09:37:07Z [INFO] core: list operation on secret/api/external-keys by admin_user - success
2025-08-25T09:46:07Z [INFO] core: read operation on secret/encryption/master-keys by admin_user - success
2025-08-25T10:08:07Z [INFO] core: read operation on sys/policy/admin-policy by admin_user - success
2025-08-25T10:23:07Z [INFO] core: delete operation on secret/database/prod-credentials by service_app2 - success
2025-08-25T10:32:07Z [INFO] core: write operation on sys/policy/admin-policy by service_app1 - success
2025-08-25T11:25:07Z [INFO] core: read operation on secret/ssl/certificates by service_app2 - success
2025-08-25T11:48:07Z [INFO] core: list operation on auth/ldap/config by deploy_service - success
2025-08-25T11:55:07Z [INFO] core: list operation on sys/policy/admin-policy by service_app1 - success
2025-08-25T12:35:07Z [INFO] core: delete operation on auth/ldap/config by service_app2 - success
2025-08-25T12:35:07Z [INFO] core: write operation on secret/api/external-keys by deploy_service - success
2025-08-25T12:36:07Z [INFO] core: read operation on secret/api/external-keys by service_app1 - success
2025-08-25T12:52:07Z [INFO] core: list operation on secret/encryption/master-keys by service_app2 - success
2025-08-25T13:33:07Z [INFO] core: list operation on secret/api/external-keys by deploy_service - success
2025-08-25T13:42:07Z [INFO] core: list operation on secret/database/prod-credentials by deploy_service - success
2025-08-25T13:49:07Z [INFO] core: write operation on secret/encryption/master-keys by service_app1 - success
2025-08-25T14:01:07Z [WARN] core: write operation on secret/database/prod-credentials by admin_user - permission denied
2025-08-25T14:03:07Z [INFO] core: delete operation on sys/policy/admin-policy by deploy_service - success
2025-08-25T14:30:07Z [WARN] core: write operation on auth/ldap/config by admin_user - permission denied
2025-08-25T14:30:07Z [INFO] core: read operation on secret/encryption/master-keys by admin_user - success
2025-08-25T14:33:07Z [INFO] core: list operation on secret/database/prod-credentials by admin_user - success
2025-08-25T14:36:07Z [INFO] core: write operation on auth/ldap/config by service_app2 - success
2025-08-25T14:41:07Z [INFO] core: read operation on secret/api/external-keys by service_app1 - success
2025-08-25T14:41:07Z [INFO] core: delete operation on secret/database/prod-credentials by service_app2 - success
2025-08-25T14:54:07Z [INFO] core: delete operation on sys/policy/admin-policy by admin_user - success
2025-08-25T16:11:07Z [INFO] core: list operation on auth/ldap/config by service_app2 - success
2025-08-25T17:01:07Z [INFO] core: read operation on secret/api/external-keys by service_app2 - success
2025-08-25T17:17:07Z [WARN] core: write operation on secret/database/prod-credentials by admin_user - permission denied
2025-08-25T17:29:07Z [WARN] core: list operation on secret/encryption/master-keys by service_app2 - permission denied
2025-08-25T17:43:07Z [INFO] core: delete operation on secret/encryption/master-keys by deploy_service - success
2025-08-25T18:08:07Z [INFO] core: delete operation on secret/database/prod-credentials by deploy_service - success
2025-08-25T18:44:07Z [INFO] core: read operation on sys/policy/admin-policy by service_app2 - success
2025-08-25T19:11:07Z [INFO] core: delete operation on secret/api/external-keys by deploy_service - success
2025-08-25T19:18:07Z [INFO] core: delete operation on secret/database/prod-credentials by service_app2 - success
2025-08-25T19:20:07Z [WARN] core: read operation on secret/database/prod-credentials by service_app1 - permission denied
2025-08-25T19:34:07Z [INFO] core: delete operation on secret/ssl/certificates by admin_user - success
2025-08-25T19:38:07Z [INFO] core: write operation on secret/encryption/master-keys by deploy_service - success
2025-08-25T19:56:07Z [INFO] core: read operation on secret/encryption/master-keys by deploy_service - success
2025-08-25T19:57:07Z [INFO] core: read operation on secret/encryption/master-keys by admin_user - success
2025-08-25T20:15:07Z [INFO] core: read operation on secret/api/external-keys by service_app1 - success
2025-08-25T20:52:07Z [INFO] core: read operation on secret/ssl/certificates by admin_user - success
2025-08-25T21:14:07Z [INFO] core: delete operation on secret/api/external-keys by service_app1 - success
2025-08-25T21:58:07Z [INFO] core: write operation on secret/ssl/certificates by service_app1 - success
2025-08-25T22:58:07Z [INFO] core: list operation on secret/ssl/certificates by admin_user - success
2025-08-25T23:08:07Z [INFO] core: read operation on auth/ldap/config by deploy_service - success
2025-08-25T23:18:07Z [INFO] core: list operation on auth/ldap/config by admin_user - success
2025-08-25T23:20:07Z [INFO] core: write operation on secret/database/prod-credentials by service_app1 - success
2025-08-26T00:19:07Z [INFO] core: read operation on secret/database/prod-credentials by service_app2 - success
2025-08-26T00:19:07Z [INFO] core: write operation on secret/encryption/master-keys by service_app2 - success
2025-08-26T00:27:07Z [INFO] core: write operation on secret/api/external-keys by service_app2 - success
2025-08-26T00:33:07Z [INFO] core: read operation on secret/encryption/master-keys by admin_user - success
2025-08-26T00:51:07Z [INFO] core: delete operation on sys/policy/admin-policy by service_app2 - success
2025-08-26T01:55:07Z [INFO] core: delete operation on secret/api/external-keys by service_app1 - success
2025-08-26T02:28:07Z [INFO] core: read operation on secret/ssl/certificates by admin_user - success
2025-08-26T02:39:07Z [INFO] core: list operation on sys/policy/admin-policy by service_app1 - success
2025-08-26T02:47:07Z [INFO] core: delete operation on secret/database/prod-credentials by service_app2 - success
2025-08-26T02:48:07Z [INFO] core: read operation on secret/database/prod-credentials by deploy_service - success
2025-08-26T02:54:07Z [WARN] core: delete operation on sys/policy/admin-policy by admin_user - permission denied
2025-08-26T03:04:07Z [INFO] core: read operation on auth/ldap/config by deploy_service - success
2025-08-26T03:06:07Z [INFO] core: write operation on secret/ssl/certificates by service_app2 - success
2025-08-26T03:15:07Z [INFO] core: read operation on secret/encryption/master-keys by service_app1 - success
2025-08-26T03:42:07Z [INFO] core: write operation on sys/policy/admin-policy by deploy_service - success
2025-08-26T04:01:07Z [INFO] core: write operation on auth/ldap/config by admin_user - success
2025-08-26T04:22:07Z [INFO] core: write operation on secret/ssl/certificates by service_app2 - success
2025-08-26T04:45:07Z [INFO] core: delete operation on auth/ldap/config by service_app1 - success
2025-08-26T05:20:07Z [INFO] core: delete operation on auth/ldap/config by deploy_service - success
2025-08-26T06:01:07Z [INFO] core: delete operation on secret/encryption/master-keys by admin_user - success
2025-08-26T06:18:07Z [INFO] core: read operation on secret/api/external-keys by admin_user - success
2025-08-26T06:26:07Z [INFO] core: write operation on secret/ssl/certificates by admin_user - success
2025-08-26T06:28:07Z [INFO] core: list operation on sys/policy/admin-policy by service_app2 - success
2025-08-26T06:46:07Z [INFO] core: write operation on secret/encryption/master-keys by admin_user - success
2025-08-26T06:49:07Z [INFO] core: write operation on sys/policy/admin-policy by service_app2 - success
2025-08-26T07:05:07Z [INFO] core: delete operation on sys/policy/admin-policy by service_app1 - success
2025-08-26T07:19:07Z [INFO] core: write operation on secret/encryption/master-keys by deploy_service - success
2025-08-26T07:28:07Z [INFO] core: list operation on secret/ssl/certificates by service_app2 - success
2025-08-26T07:41:07Z [INFO] core: delete operation on auth/ldap/config by service_app1 - success
2025-08-26T07:47:07Z [INFO] core: delete operation on secret/database/prod-credentials by deploy_service - success
2025-08-26T08:17:07Z [INFO] core: delete operation on secret/database/prod-credentials by service_app2 - success
2025-08-26T08:17:07Z [INFO] core: write operation on secret/api/external-keys by admin_user - success
2025-08-26T08:34:07Z [INFO] core: list operation on secret/ssl/certificates by service_app1 - success
2025-08-26T08:46:07Z [INFO] core: delete operation on secret/encryption/master-keys by deploy_service - success
2025-08-26T09:24:07Z [INFO] core: read operation on auth/ldap/config by deploy_service - success
2025-08-26T10:23:07Z [INFO] core: write operation on secret/ssl/certificates by service_app1 - success
2025-08-26T10:27:07Z [INFO] core: read operation on secret/ssl/certificates by service_app1 - success
2025-08-26T10:35:07Z [INFO] core: read operation on auth/ldap/config by deploy_service - success
2025-08-26T10:44:07Z [INFO] core: write operation on secret/encryption/master-keys by service_app2 - success
2025-08-26T11:29:07Z [INFO] core: delete operation on secret/ssl/certificates by service_app1 - success
2025-08-26T12:06:07Z [WARN] core: write operation on secret/ssl/certificates by service_app2 - permission denied
2025-08-26T12:17:07Z [INFO] core: list operation on secret/encryption/master-keys by deploy_service - success
2025-08-26T12:20:07Z [INFO] core: write operation on secret/encryption/master-keys by service_app2 - success
2025-08-26T12:36:07Z [INFO] core: delete operation on secret/encryption/master-keys by deploy_service - success
2025-08-26T12:41:07Z [INFO] core: delete operation on secret/encryption/master-keys by service_app2 - success
2025-08-26T13:01:07Z [INFO] core: delete operation on auth/ldap/config by admin_user - success
2025-08-26T13:41:07Z [INFO] core: write operation on secret/encryption/master-keys by deploy_service - success
2025-08-26T14:08:07Z [INFO] core: delete operation on secret/ssl/certificates by service_app1 - success
2025-08-26T14:25:07Z [INFO] core: list operation on auth/ldap/config by deploy_service - success
2025-08-26T14:27:07Z [WARN] core: write operation on secret/api/external-keys by service_app2 - permission denied
2025-08-26T15:26:07Z [INFO] core: list operation on secret/api/external-keys by service_app2 - success
2025-08-26T16:07:07Z [INFO] core: read operation on sys/policy/admin-policy by admin_user - success
2025-08-26T16:16:07Z [INFO] core: write operation on secret/api/external-keys by admin_user - success
2025-08-26T16:32:07Z [INFO] core: list operation on secret/ssl/certificates by deploy_service - success
2025-08-26T16:33:07Z [INFO] core: write operation on sys/policy/admin-policy by service_app2 - success
2025-08-26T17:06:07Z [INFO] core: write operation on secret/ssl/certificates by service_app1 - success
2025-08-26T17:14:07Z [INFO] core: delete operation on secret/database/prod-credentials by deploy_service - success
2025-08-26T17:14:07Z [INFO] core: read operation on secret/encryption/master-keys by deploy_service - success
2025-08-26T18:20:07Z [INFO] core: read operation on secret/api/external-keys by service_app2 - success
2025-08-26T18:48:07Z [INFO] core: delete operation on secret/database/prod-credentials by deploy_service - success
2025-08-26T18:50:07Z [INFO] core: read operation on secret/api/external-keys by service_app2 - success
2025-08-26T18:56:07Z [INFO] core: write operation on auth/ldap/config by deploy_service - success
2025-08-26T19:18:07Z [INFO] core: delete operation on secret/api/external-keys by service_app2 - success
2025-08-26T19:18:07Z [INFO] core: write operation on secret/ssl/certificates by service_app1 - success
2025-08-26T19:53:07Z [INFO] core: delete operation on secret/ssl/certificates by service_app2 - success
2025-08-26T19:56:07Z [INFO] core: list operation on secret/encryption/master-keys by deploy_service - success
2025-08-26T20:03:07Z [INFO] core: write operation on secret/ssl/certificates by deploy_service - success
2025-08-26T20:09:07Z [INFO] core: read operation on sys/policy/admin-policy by service_app2 - success
2025-08-26T20:16:07Z [INFO] core: list operation on auth/ldap/config by service_app2 - success
2025-08-26T20:30:07Z [INFO] core: read operation on secret/api/external-keys by service_app1 - success
2025-08-26T20:36:07Z [WARN] core: delete operation on secret/database/prod-credentials by admin_user - permission denied
2025-08-26T20:41:07Z [INFO] core: read operation on secret/api/external-keys by service_app2 - success
2025-08-26T21:00:07Z [INFO] core: list operation on auth/ldap/config by admin_user - success
2025-08-26T21:10:07Z [INFO] core: read operation on sys/policy/admin-policy by service_app2 - success
2025-08-26T21:37:07Z [INFO] core: read operation on secret/ssl/certificates by admin_user - success
2025-08-26T21:56:07Z [INFO] core: delete operation on sys/policy/admin-policy by deploy_service - success
2025-08-26T22:09:07Z [INFO] core: delete operation on secret/database/prod-credentials by deploy_service - success
2025-08-26T22:34:07Z [INFO] core: delete operation on secret/encryption/master-keys by admin_user - success
2025-08-26T22:36:07Z [INFO] core: delete operation on secret/encryption/master-keys by admin_user - success
2025-08-26T22:48:07Z [INFO] core: delete operation on secret/encryption/master-keys by service_app1 - success
2025-08-26T23:06:07Z [INFO] core: list operation on secret/api/external-keys by service_app1 - success
2025-08-26T23:55:07Z [INFO] core: list operation on sys/policy/admin-policy by deploy_service - success
2025-08-27T00:01:07Z [WARN] core: write operation on auth/ldap/config by service_app2 - permission denied
2025-08-27T00:23:07Z [INFO] core: write operation on secret/ssl/certificates by service_app1 - success
2025-08-27T01:00:07Z [INFO] core: read operation on secret/database/prod-credentials by deploy_service - success
2025-08-27T01:24:07Z [INFO] core: delete operation on secret/database/prod-credentials by service_app2 - success
2025-08-27T01:28:07Z [INFO] core: read operation on secret/ssl/certificates by admin_user - success
2025-08-27T02:20:07Z [INFO] core: delete operation on secret/api/external-keys by deploy_service - success
2025-08-27T02:52:07Z [INFO] core: list operation on sys/policy/admin-policy by deploy_service - success
2025-08-27T03:01:07Z [INFO] core: write operation on secret/ssl/certificates by service_app1 - success
2025-08-27T03:31:07Z [INFO] core: read operation on secret/ssl/certificates by deploy_service - success
2025-08-27T03:35:07Z [INFO] core: delete operation on auth/ldap/config by deploy_service - success
2025-08-27T03:51:07Z [INFO] core: list operation on auth/ldap/config by service_app1 - success
2025-08-27T04:08:07Z [INFO] core: read operation on auth/ldap/config by service_app1 - success
2025-08-27T04:16:07Z [INFO] core: list operation on sys/policy/admin-policy by service_app2 - success
2025-08-27T04:31:07Z [INFO] core: delete operation on secret/api/external-keys by service_app2 - success
2025-08-27T06:07:07Z [INFO] core: read operation on secret/encryption/master-keys by admin_user - success
2025-08-27T06:44:07Z [INFO] core: write operation on secret/encryption/master-keys by admin_user - success
2025-08-27T07:06:07Z [INFO] core: list operation on sys/policy/admin-policy by service_app1 - success
2025-08-27T07:42:07Z [INFO] core: list operation on secret/ssl/certificates by admin_user - success
2025-08-27T07:45:07Z [INFO] core: read operation on sys/policy/admin-policy by service_app1 - success
2025-08-27T07:46:07Z [INFO] core: read operation on secret/api/external-keys by admin_user - success
2025-08-27T07:49:07Z [INFO] core: read operation on sys/policy/admin-policy by admin_user - success
2025-08-27T07:57:07Z [INFO] core: write operation on sys/policy/admin-policy by admin_user - success
2025-08-27T08:25:07Z [INFO] core: write operation on secret/encryption/master-keys by admin_user - success
2025-08-27T08:36:07Z [INFO] core: write operation on secret/database/prod-credentials by service_app2 - success
2025-08-27T09:03:07Z [INFO] core: write operation on sys/policy/admin-policy by service_app2 - success
2025-08-27T09:16:07Z [INFO] core: write operation on secret/database/prod-credentials by deploy_service - success
2025-08-27T09:35:07Z [INFO] core: write operation on secret/encryption/master-keys by deploy_service - success
2025-08-27T09:36:07Z [INFO] core: write operation on secret/encryption/master-keys by deploy_service - success
2025-08-27T09:41:07Z [INFO] core: delete operation on secret/ssl/certificates by service_app2 - success
2025-08-27T09:54:07Z [INFO] core: list operation on sys/policy/admin-policy by service_app2 - success
2025-08-27T10:01:07Z [INFO] core: read operation on secret/database/prod-credentials by deploy_service - success
2025-08-27T10:35:07Z [INFO] core: write operation on sys/policy/admin-policy by admin_user - success
2025-08-27T10:52:07Z [INFO] core: delete operation on sys/policy/admin-policy by service_app1 - success
2025-08-27T11:55:07Z [INFO] core: list operation on sys/policy/admin-policy by deploy_service - success
2025-08-27T12:00:07Z [INFO] core: delete operation on secret/database/prod-credentials by service_app2 - success
2025-08-27T12:09:07Z [INFO] core: list operation on auth/ldap/config by admin_user - success
2025-08-27T12:19:07Z [INFO] core: write operation on secret/api/external-keys by service_app1 - success
2025-08-27T12:29:07Z [INFO] core: delete operation on sys/policy/admin-policy by admin_user - success
2025-08-27T12:36:07Z [WARN] core: read operation on secret/database/prod-credentials by deploy_service - permission denied
2025-08-27T12:42:07Z [INFO] core: list operation on secret/database/prod-credentials by service_app2 - success
2025-08-27T12:51:07Z [INFO] core: delete operation on secret/encryption/master-keys by service_app2 - success
2025-08-27T13:00:07Z [INFO] core: delete operation on secret/ssl/certificates by service_app2 - success
2025-08-27T13:03:07Z [INFO] core: read operation on secret/ssl/certificates by service_app2 - success
2025-08-27T13:22:07Z [INFO] core: write operation on secret/ssl/certificates by admin_user - success
2025-08-27T13:51:07Z [INFO] core: list operation on secret/ssl/certificates by service_app1 - success
2025-08-27T14:17:07Z [INFO] core: list operation on secret/ssl/certificates by deploy_service - success
2025-08-27T14:37:07Z [INFO] core: list operation on secret/api/external-keys by service_app1 - success
2025-08-27T14:56:07Z [INFO] core: delete operation on secret/database/prod-credentials by service_app1 - success
2025-08-27T15:00:07Z [INFO] core: write operation on secret/encryption/master-keys by service_app1 - success
2025-08-27T15:15:07Z [INFO] core: write operation on auth/ldap/config by admin_user - success
2025-08-27T15:45:07Z [INFO] core: list operation on secret/api/external-keys by deploy_service - success
2025-08-27T15:53:07Z [WARN] core: read operation on secret/ssl/certificates by deploy_service - permission denied
2025-08-27T16:05:07Z [INFO] core: delete operation on secret/api/external-keys by deploy_service - success
2025-08-27T16:13:07Z [INFO] core: read operation on auth/ldap/config by service_app2 - success
2025-08-27T16:21:07Z [INFO] core: write operation on secret/encryption/master-keys by service_app1 - success
2025-08-27T16:35:07Z [INFO] core: list operation on secret/database/prod-credentials by service_app1 - success
2025-08-27T16:59:07Z [INFO] core: delete operation on secret/encryption/master-keys by service_app1 - success
2025-08-27T17:13:07Z [INFO] core: list operation on auth/ldap/config by deploy_service - success
2025-08-27T17:38:07Z [INFO] core: list operation on secret/api/external-keys by deploy_service - success
2025-08-27T17:59:07Z [INFO] core: delete operation on sys/policy/admin-policy by service_app2 - success
2025-08-27T18:12:07Z [INFO] core: write operation on secret/encryption/master-keys by deploy_service - success
2025-08-27T18:28:07Z [INFO] core: delete operation on secret/encryption/master-keys by service_app1 - success
2025-08-27T18:47:07Z [INFO] core: delete operation on auth/ldap/config by service_app2 - success
2025-08-27T18:52:07Z [INFO] core: write operation on sys/policy/admin-policy by service_app1 - success
2025-08-27T18:59:07Z [INFO] core: read operation on secret/api/external-keys by service_app2 - success
2025-08-27T19:07:07Z [INFO] core: read operation on auth/ldap/config by deploy_service - success
2025-08-27T19:21:07Z [WARN] core: list operation on secret/ssl/certificates by service_app2 - permission denied
2025-08-27T19:50:07Z [INFO] core: write operation on secret/api/external-keys by deploy_service - success
2025-08-27T19:50:07Z [INFO] core: list operation on secret/encryption/master-keys by deploy_service - success
2025-08-27T20:14:07Z [INFO] core: write operation on secret/api/external-keys by deploy_service - success
2025-08-27T20:51:07Z [INFO] core: list operation on sys/policy/admin-policy by service_app2 - success
2025-08-27T21:00:07Z [INFO] core: list operation on secret/api/external-keys by service_app1 - success
2025-08-27T21:12:07Z [INFO] core: write operation on secret/api/external-keys by admin_user - success
2025-08-27T21:23:07Z [INFO] core: list operation on secret/database/prod-credentials by deploy_service - success
2025-08-27T22:07:07Z [INFO] core: write operation on secret/api/external-keys by service_app2 - success
2025-08-27T22:57:07Z [INFO] core: delete operation on secret/encryption/master-keys by service_app1 - success
2025-08-27T23:08:07Z [INFO] core: delete operation on secret/ssl/certificates by service_app2 - success
2025-08-27T23:14:07Z [INFO] core: list operation on secret/database/prod-credentials by deploy_service - success
2025-08-27T23:15:07Z [INFO] core: write operation on sys/policy/admin-policy by deploy_service - success
2025-08-27T23:19:07Z [INFO] core: write operation on secret/encryption/master-keys by service_app1 - success
2025-08-27T23:23:07Z [INFO] core: write operation on auth/ldap/config by service_app2 - success
2025-08-27T23:46:07Z [INFO] core: delete operation on auth/ldap/config by service_app2 - success
2025-08-28T00:52:07Z [INFO] core: write operation on secret/api/external-keys by deploy_service - success
2025-08-28T01:49:07Z [INFO] core: read operation on secret/database/prod-credentials by service_app1 - success
2025-08-28T01:55:07Z [INFO] core: list operation on secret/ssl/certificates by service_app1 - success
2025-08-28T02:32:07Z [INFO] core: delete operation on auth/ldap/config by service_app2 - success
2025-08-28T02:43:07Z [INFO] core: read operation on secret/database/prod-credentials by service_app2 - success
2025-08-28T03:19:07Z [INFO] core: write operation on sys/policy/admin-policy by admin_user - success
2025-08-28T03:29:07Z [INFO] core: list operation on sys/policy/admin-policy by admin_user - success
2025-08-28T04:32:07Z [INFO] core: read operation on secret/encryption/master-keys by deploy_service - success
2025-08-28T04:41:07Z [INFO] core: write operation on auth/ldap/config by service_app1 - success
2025-08-28T04:48:07Z [INFO] core: read operation on auth/ldap/config by service_app2 - success
2025-08-28T05:01:07Z [INFO] core: read operation on sys/policy/admin-policy by deploy_service - success
2025-08-28T05:39:07Z [INFO] core: list operation on secret/ssl/certificates by admin_user - success
2025-08-28T05:49:07Z [INFO] core: read operation on secret/ssl/certificates by service_app2 - success
2025-08-28T05:49:07Z [INFO] core: list operation on secret/ssl/certificates by service_app1 - success
2025-08-28T06:21:07Z [INFO] core: read operation on auth/ldap/config by admin_user - success
2025-08-28T06:43:07Z [INFO] core: delete operation on auth/ldap/config by service_app1 - success
2025-08-28T06:47:07Z [INFO] core: write operation on secret/encryption/master-keys by service_app2 - success
2025-08-28T06:47:07Z [ERROR] core: read operation on secret/database/prod-credentials by unknown_user - authentication failed
2025-08-28T06:49:07Z [ERROR] core: read operation on secret/database/prod-credentials by unknown_user - authentication failed
2025-08-28T06:51:07Z [ERROR] core: read operation on secret/encryption/master-keys by unknown_user - authentication failed
2025-08-28T06:53:07Z [ERROR] core: read operation on secret/encryption/master-keys by unknown_user - authentication failed
2025-08-28T06:55:07Z [ERROR] core: read operation on secret/encryption/master-keys by unknown_user - authentication failed
2025-08-28T06:57:07Z [ERROR] core: read operation on secret/database/prod-credentials by unknown_user - authentication failed
2025-08-28T06:59:07Z [ERROR] core: read operation on secret/encryption/master-keys by unknown_user - authentication failed
2025-08-28T07:01:07Z [ERROR] core: read operation on secret/encryption/master-keys by unknown_user - authentication failed
2025-08-28T07:03:07Z [ERROR] core: read operation on secret/encryption/master-keys by unknown_user - authentication failed
2025-08-28T07:05:07Z [ERROR] core: read operation on secret/database/prod-credentials by unknown_user - authentication failed
2025-08-28T07:07:07Z [ERROR] core: read operation on secret/database/prod-credentials by unknown_user - authentication failed
2025-08-28T07:09:07Z [ERROR] core: read operation on secret/database/prod-credentials by unknown_user - authentication failed
2025-08-28T07:11:07Z [ERROR] core: read operation on secret/encryption/master-keys by unknown_user - authentication failed
2025-08-28T07:12:07Z [INFO] core: list operation on secret/ssl/certificates by admin_user - success
2025-08-28T07:13:07Z [ERROR] core: read operation on secret/database/prod-credentials by unknown_user - authentication failed
2025-08-28T07:15:07Z [ERROR] core: read operation on secret/database/prod-credentials by unknown_user - authentication failed
2025-08-28T07:18:07Z [INFO] core: delete operation on auth/ldap/config by admin_user - success
2025-08-28T07:23:07Z [INFO] core: delete operation on auth/ldap/config by service_app2 - success
2025-08-28T07:55:07Z [INFO] core: write operation on secret/encryption/master-keys by admin_user - success
2025-08-28T07:55:07Z [INFO] core: delete operation on secret/database/prod-credentials by service_app2 - success
2025-08-28T08:00:07Z [INFO] core: delete operation on auth/ldap/config by admin_user - success
2025-08-28T08:01:07Z [INFO] core: list operation on secret/database/prod-credentials by admin_user - success
2025-08-28T08:09:07Z [INFO] core: list operation on secret/database/prod-credentials by service_app2 - success
2025-08-28T08:09:07Z [INFO] core: delete operation on secret/api/external-keys by service_app2 - success
2025-08-28T08:15:07Z [INFO] core: write operation on secret/database/prod-credentials by service_app2 - success
2025-08-28T09:06:07Z [INFO] core: delete operation on secret/database/prod-credentials by service_app1 - success
2025-08-28T10:04:07Z [INFO] core: read operation on secret/api/external-keys by deploy_service - success
2025-08-28T10:24:07Z [INFO] core: write operation on secret/database/prod-credentials by admin_user - success
2025-08-28T11:22:07Z [INFO] core: list operation on secret/database/prod-credentials by service_app1 - success
2025-08-28T12:01:07Z [INFO] core: list operation on secret/encryption/master-keys by service_app2 - success
2025-08-28T13:30:07Z [INFO] core: write operation on auth/ldap/config by deploy_service - success
2025-08-28T14:35:07Z [WARN] core: write operation on secret/ssl/certificates by service_app2 - permission denied
2025-08-28T14:36:07Z [INFO] core: read operation on secret/database/prod-credentials by admin_user - success
2025-08-28T14:40:07Z [INFO] core: delete operation on auth/ldap/config by service_app2 - success
2025-08-28T14:44:07Z [INFO] core: delete operation on secret/api/external-keys by service_app2 - success
2025-08-28T14:52:07Z [INFO] core: read operation on secret/database/prod-credentials by service_app2 - success
2025-08-28T15:11:07Z [INFO] core: delete operation on sys/policy/admin-policy by admin_user - success
2025-08-28T15:16:07Z [INFO] core: list operation on secret/database/prod-credentials by deploy_service - success
2025-08-28T15:49:07Z [INFO] core: list operation on secret/api/external-keys by deploy_service - success
2025-08-28T15:58:07Z [INFO] core: read operation on secret/api/external-keys by admin_user - success
2025-08-28T16:37:07Z [INFO] core: write operation on secret/encryption/master-keys by service_app2 - success
2025-08-28T16:46:07Z [INFO] core: write operation on auth/ldap/config by service_app2 - success
2025-08-28T17:08:07Z [INFO] core: delete operation on auth/ldap/config by service_app2 - success
2025-08-28T18:50:07Z [INFO] core: list operation on sys/policy/admin-policy by service_app2 - success
2025-08-28T19:43:07Z [INFO] core: read operation on secret/encryption/master-keys by deploy_service - success
2025-08-28T19:52:07Z [INFO] core: write operation on secret/encryption/master-keys by service_app2 - success
2025-08-28T20:25:07Z [INFO] core: write operation on secret/api/external-keys by deploy_service - success
2025-08-28T21:02:07Z [INFO] core: read operation on secret/encryption/master-keys by service_app1 - success
2025-08-28T21:17:07Z [INFO] core: list operation on secret/encryption/master-keys by service_app2 - success
2025-08-28T22:31:07Z [INFO] core: read operation on secret/database/prod-credentials by admin_user - success
2025-08-28T23:22:07Z [INFO] core: read operation on secret/ssl/certificates by service_app1 - success
2025-08-29T00:00:07Z [INFO] core: write operation on secret/api/external-keys by service_app2 - success
2025-08-29T00:39:07Z [INFO] core: list operation on secret/encryption/master-keys by deploy_service - success
2025-08-29T00:45:07Z [INFO] core: list operation on sys/policy/admin-policy by service_app2 - success
2025-08-29T01:38:07Z [INFO] core: write operation on secret/ssl/certificates by deploy_service - success
2025-08-29T02:08:07Z [INFO] core: read operation on auth/ldap/config by deploy_service - success
2025-08-29T02:42:07Z [INFO] core: write operation on secret/database/prod-credentials by service_app1 - success
2025-08-29T02:47:07Z [INFO] core: list operation on auth/ldap/config by admin_user - success
2025-08-29T02:58:07Z [INFO] core: delete operation on secret/encryption/master-keys by deploy_service - success
2025-08-29T03:05:07Z [INFO] core: write operation on secret/database/prod-credentials by admin_user - success
2025-08-29T03:11:07Z [INFO] core: read operation on auth/ldap/config by deploy_service - success
2025-08-29T03:49:07Z [INFO] core: list operation on secret/database/prod-credentials by admin_user - success
2025-08-29T04:09:07Z [INFO] core: write operation on secret/database/prod-credentials by service_app2 - success
2025-08-29T04:19:07Z [INFO] core: read operation on secret/api/external-keys by deploy_service - success
2025-08-29T04:19:07Z [INFO] core: read operation on secret/encryption/master-keys by deploy_service - success
2025-08-29T04:31:07Z [INFO] core: read operation on sys/policy/admin-policy by service_app2 - success
2025-08-29T05:04:07Z [INFO] core: list operation on sys/policy/admin-policy by deploy_service - success
2025-08-29T05:25:07Z [INFO] core: delete operation on secret/encryption/master-keys by service_app2 - success
2025-08-29T05:36:07Z [INFO] core: delete operation on secret/database/prod-credentials by service_app2 - success
2025-08-29T05:52:07Z [INFO] core: list operation on secret/database/prod-credentials by service_app2 - success
2025-08-29T05:56:07Z [INFO] core: delete operation on secret/encryption/master-keys by deploy_service - success
2025-08-29T06:00:07Z [INFO] core: delete operation on secret/database/prod-credentials by service_app2 - success
2025-08-29T06:28:07Z [INFO] core: delete operation on auth/ldap/config by service_app2 - success
2025-08-29T06:32:07Z [INFO] core: list operation on secret/encryption/master-keys by service_app2 - success
2025-08-29T06:39:07Z [INFO] core: read operation on sys/policy/admin-policy by service_app2 - success
2025-08-29T06:46:07Z [INFO] core: write operation on secret/api/external-keys by service_app2 - success
2025-08-29T07:18:07Z [WARN] core: list operation on secret/api/external-keys by admin_user - permission denied
2025-08-29T07:55:07Z [INFO] core: list operation on secret/encryption/master-keys by service_app1 - success
2025-08-29T07:56:07Z [INFO] core: list operation on sys/policy/admin-policy by service_app1 - success
2025-08-29T08:07:07Z [INFO] core: read operation on secret/database/prod-credentials by admin_user - success
2025-08-29T08:17:07Z [INFO] core: delete operation on secret/encryption/master-keys by admin_user - success
2025-08-29T08:22:07Z [INFO] core: delete operation on sys/policy/admin-policy by deploy_service - success
2025-08-29T08:25:07Z [INFO] core: write operation on auth/ldap/config by service_app1 - success
2025-08-29T09:02:07Z [INFO] core: write operation on secret/database/prod-credentials by deploy_service - success
2025-08-29T09:03:07Z [INFO] core: list operation on secret/api/external-keys by admin_user - success
2025-08-29T09:20:07Z [INFO] core: write operation on secret/ssl/certificates by admin_user - success
2025-08-29T09:39:07Z [INFO] core: write operation on secret/ssl/certificates by deploy_service - success
2025-08-29T09:45:07Z [INFO] core: list operation on secret/encryption/master-keys by service_app2 - success
2025-08-29T10:26:07Z [INFO] core: delete operation on auth/ldap/config by admin_user - success
2025-08-29T10:36:07Z [INFO] core: delete operation on secret/database/prod-credentials by admin_user - success
2025-08-29T10:38:07Z [WARN] core: read operation on secret/api/external-keys by service_app1 - permission denied
2025-08-29T10:45:07Z [INFO] core: write operation on secret/api/external-keys by admin_user - success
2025-08-29T11:24:07Z [INFO] core: list operation on secret/encryption/master-keys by admin_user - success
2025-08-29T12:15:07Z [INFO] core: delete operation on auth/ldap/config by service_app2 - success
2025-08-29T12:18:07Z [INFO] core: read operation on auth/ldap/config by service_app1 - success
2025-08-29T12:25:07Z [INFO] core: delete operation on secret/ssl/certificates by admin_user - success
2025-08-29T12:42:07Z [INFO] core: read operation on sys/policy/admin-policy by admin_user - success
2025-08-29T12:57:07Z [INFO] core: list operation on secret/ssl/certificates by admin_user - success
2025-08-29T13:01:07Z [INFO] core: delete operation on secret/encryption/master-keys by deploy_service - success
2025-08-29T13:02:07Z [INFO] core: delete operation on secret/api/external-keys by deploy_service - success
2025-08-29T13:04:07Z [INFO] core: read operation on secret/encryption/master-keys by admin_user - success
2025-08-29T13:11:07Z [INFO] core: read operation on secret/api/external-keys by service_app1 - success
2025-08-29T13:11:07Z [INFO] core: read operation on secret/database/prod-credentials by service_app1 - success
2025-08-29T13:42:07Z [INFO] core: read operation on secret/database/prod-credentials by admin_user - success
2025-08-29T13:49:07Z [INFO] core: write operation on secret/database/prod-credentials by service_app1 - success
2025-08-29T14:03:07Z [INFO] core: list operation on secret/encryption/master-keys by service_app2 - success
2025-08-29T14:22:07Z [INFO] core: list operation on secret/encryption/master-keys by deploy_service - success
2025-08-29T14:25:07Z [INFO] core: delete operation on auth/ldap/config by deploy_service - success
2025-08-29T15:16:07Z [INFO] core: write operation on secret/ssl/certificates by service_app1 - success
2025-08-29T15:27:07Z [INFO] core: delete operation on auth/ldap/config by service_app2 - success
2025-08-29T15:41:07Z [INFO] core: delete operation on secret/database/prod-credentials by admin_user - success
2025-08-29T15:56:07Z [INFO] core: write operation on secret/ssl/certificates by service_app2 - success
2025-08-29T16:06:07Z [INFO] core: write operation on secret/encryption/master-keys by deploy_service - success
2025-08-29T16:27:07Z [INFO] core: read operation on secret/encryption/master-keys by service_app1 - success
2025-08-29T16:48:07Z [INFO] core: delete operation on secret/encryption/master-keys by service_app1 - success
2025-08-29T16:51:07Z [INFO] core: write operation on secret/encryption/master-keys by admin_user - success
2025-08-29T18:44:07Z [INFO] core: list operation on secret/ssl/certificates by service_app2 - success
2025-08-29T18:47:07Z [INFO] core: write operation on secret/database/prod-credentials by service_app1 - success
2025-08-29T18:53:07Z [INFO] core: list operation on secret/encryption/master-keys by service_app2 - success
2025-08-29T19:05:07Z [INFO] core: delete operation on auth/ldap/config by service_app1 - success
2025-08-29T19:15:07Z [INFO] core: write operation on auth/ldap/config by admin_user - success
2025-08-29T19:23:07Z [INFO] core: list operation on sys/policy/admin-policy by service_app1 - success
2025-08-29T19:38:07Z [INFO] core: delete operation on sys/policy/admin-policy by deploy_service - success
2025-08-29T19:38:07Z [INFO] core: read operation on secret/encryption/master-keys by deploy_service - success
2025-08-29T20:22:07Z [INFO] core: write operation on secret/encryption/master-keys by admin_user - success
2025-08-29T20:30:07Z [INFO] core: list operation on secret/database/prod-credentials by service_app1 - success
2025-08-29T20:33:07Z [INFO] core: read operation on secret/ssl/certificates by admin_user - success
2025-08-29T20:39:07Z [INFO] core: read operation on secret/ssl/certificates by service_app2 - success
2025-08-29T20:41:07Z [INFO] core: write operation on secret/ssl/certificates by service_app1 - success
2025-08-29T21:04:07Z [INFO] core: write operation on secret/api/external-keys by service_app1 - success
2025-08-29T21:13:07Z [INFO] core: delete operation on secret/database/prod-credentials by deploy_service - success
2025-08-29T21:17:07Z [INFO] core: list operation on secret/database/prod-credentials by admin_user - success
2025-08-29T21:37:07Z [INFO] core: write operation on secret/encryption/master-keys by admin_user - success
2025-08-29T21:43:07Z [INFO] core: write operation on secret/database/prod-credentials by service_app1 - success
2025-08-29T21:45:07Z [INFO] core: delete operation on secret/encryption/master-keys by deploy_service - success
2025-08-29T22:06:07Z [INFO] core: list operation on secret/ssl/certificates by service_app1 - success
2025-08-29T22:32:07Z [INFO] core: write operation on sys/policy/admin-policy by admin_user - success
2025-08-29T22:39:07Z [INFO] core: list operation on auth/ldap/config by admin_user - success
2025-08-29T22:54:07Z [INFO] core: read operation on sys/policy/admin-policy by admin_user - success
2025-08-29T23:02:07Z [INFO] core: list operation on auth/ldap/config by service_app1 - success
2025-08-29T23:57:07Z [INFO] core: list operation on secret/api/external-keys by service_app1 - success
2025-08-30T00:08:07Z [INFO] core: list operation on secret/api/external-keys by admin_user - success
2025-08-30T00:18:07Z [INFO] core: read operation on secret/api/external-keys by deploy_service - success
2025-08-30T00:25:07Z [INFO] core: write operation on secret/encryption/master-keys by admin_user - success
2025-08-30T00:34:07Z [INFO] core: delete operation on secret/api/external-keys by deploy_service - success
2025-08-30T01:14:07Z [INFO] core: write operation on sys/policy/admin-policy by deploy_service - success
2025-08-30T01:18:07Z [INFO] core: write operation on secret/encryption/master-keys by admin_user - success
2025-08-30T01:20:07Z [INFO] core: delete operation on secret/api/external-keys by service_app1 - success
2025-08-30T01:34:07Z [INFO] core: read operation on secret/api/external-keys by deploy_service - success
2025-08-30T01:40:07Z [INFO] core: write operation on auth/ldap/config by admin_user - success
2025-08-30T01:55:07Z [INFO] core: list operation on secret/ssl/certificates by deploy_service - success
2025-08-30T02:20:07Z [INFO] core: delete operation on secret/ssl/certificates by admin_user - success
2025-08-30T02:26:07Z [INFO] core: delete operation on auth/ldap/config by service_app2 - success
2025-08-30T02:34:07Z [INFO] core: read operation on secret/database/prod-credentials by service_app2 - success
2025-08-30T03:18:07Z [INFO] core: delete operation on secret/encryption/master-keys by deploy_service - success
2025-08-30T03:35:07Z [INFO] core: write operation on secret/api/external-keys by deploy_service - success
2025-08-30T04:05:07Z [INFO] core: read operation on sys/policy/admin-policy by admin_user - success
2025-08-30T04:10:07Z [INFO] core: read operation on auth/ldap/config by admin_user - success
2025-08-30T04:20:07Z [INFO] core: list operation on secret/ssl/certificates by service_app1 - success
2025-08-30T04:48:07Z [INFO] core: list operation on sys/policy/admin-policy by service_app1 - success
2025-08-30T04:48:07Z [INFO] core: list operation on auth/ldap/config by service_app1 - success
2025-08-30T05:13:07Z [INFO] core: delete operation on secret/encryption/master-keys by admin_user - success
2025-08-30T05:21:07Z [INFO] core: write operation on secret/ssl/certificates by service_app1 - success
2025-08-30T05:43:07Z [INFO] core: write operation on secret/encryption/master-keys by service_app1 - success
2025-08-30T05:45:07Z [INFO] core: list operation on auth/ldap/config by deploy_service - success
2025-08-30T06:15:07Z [INFO] core: delete operation on auth/ldap/config by deploy_service - success
2025-08-30T06:32:07Z [INFO] core: list operation on sys/policy/admin-policy by service_app1 - success
2025-08-30T06:36:07Z [INFO] core: delete operation on secret/encryption/master-keys by admin_user - success
2025-08-30T06:45:07Z [INFO] core: write operation on secret/api/external-keys by service_app2 - success
2025-08-30T06:56:07Z [INFO] core: list operation on secret/api/external-keys by service_app1 - success
2025-08-30T07:08:07Z [INFO] core: delete operation on sys/policy/admin-policy by service_app2 - success
2025-08-30T07:09:07Z [INFO] core: delete operation on sys/policy/admin-policy by admin_user - success
2025-08-30T07:14:07Z [INFO] core: read operation on secret/api/external-keys by service_app2 - success
2025-08-30T07:42:07Z [INFO] core: delete operation on secret/api/external-keys by service_app2 - success
2025-08-30T07:51:07Z [INFO] core: delete operation on sys/policy/admin-policy by service_app2 - success
2025-08-30T07:52:07Z [INFO] core: list operation on secret/ssl/certificates by service_app2 - success
2025-08-30T08:06:07Z [INFO] core: read operation on auth/ldap/config by admin_user - success
2025-08-30T08:33:07Z [INFO] core: delete operation on auth/ldap/config by admin_user - success
2025-08-30T09:14:07Z [INFO] core: delete operation on secret/ssl/certificates by service_app1 - success
2025-08-30T09:33:07Z [INFO] core: write operation on secret/database/prod-credentials by service_app1 - success
2025-08-30T09:51:07Z [INFO] core: write operation on secret/api/external-keys by service_app2 - success
2025-08-30T09:52:07Z [INFO] core: list operation on secret/ssl/certificates by service_app2 - success
2025-08-30T10:58:07Z [INFO] core: read operation on secret/database/prod-credentials by service_app1 - success
2025-08-30T11:14:07Z [INFO] core: read operation on auth/ldap/config by service_app2 - success
2025-08-30T11:15:07Z [INFO] core: list operation on sys/policy/admin-policy by service_app2 - success
2025-08-30T11:30:07Z [INFO] core: write operation on secret/ssl/certificates by deploy_service - success
2025-08-30T11:41:07Z [INFO] core: delete operation on auth/ldap/config by deploy_service - success
2025-08-30T11:42:07Z [INFO] core: list operation on secret/database/prod-credentials by service_app2 - success
2025-08-30T11:48:07Z [INFO] core: list operation on secret/database/prod-credentials by deploy_service - success
2025-08-30T11:50:07Z [INFO] core: delete operation on auth/ldap/config by deploy_service - success
2025-08-30T11:53:07Z [INFO] core: list operation on auth/ldap/config by deploy_service - success
2025-08-30T11:58:07Z [INFO] core: delete operation on secret/api/external-keys by service_app1 - success
2025-08-30T12:02:07Z [CRITICAL] core: Vault sealed due to security incident
2025-08-30T12:05:07Z [INFO] core: write operation on secret/ssl/certificates by service_app2 - success
2025-08-30T12:25:07Z [WARN] core: delete operation on secret/ssl/certificates by admin_user - permission denied
2025-08-30T12:32:07Z [INFO] core: Vault successfully unsealed
2025-08-30T12:34:07Z [INFO] core: delete operation on sys/policy/admin-policy by service_app2 - success
2025-08-30T12:54:07Z [INFO] core: delete operation on secret/encryption/master-keys by service_app1 - success
2025-08-30T14:01:07Z [INFO] core: list operation on secret/database/prod-credentials by service_app1 - success
2025-08-30T14:13:07Z [INFO] core: read operation on secret/api/external-keys by service_app1 - success
2025-08-30T14:48:07Z [INFO] core: delete operation on secret/database/prod-credentials by service_app1 - success
2025-08-30T15:20:07Z [INFO] core: read operation on auth/ldap/config by deploy_service - success
2025-08-30T15:34:07Z [INFO] core: write operation on sys/policy/admin-policy by service_app2 - success
2025-08-30T15:55:07Z [INFO] core: read operation on secret/database/prod-credentials by service_app2 - success
2025-08-30T16:00:07Z [INFO] core: read operation on sys/policy/admin-policy by admin_user - success
2025-08-30T16:21:07Z [INFO] core: write operation on sys/policy/admin-policy by service_app1 - success
2025-08-30T16:21:07Z [INFO] core: write operation on secret/ssl/certificates by service_app2 - success
2025-08-30T16:47:07Z [INFO] core: delete operation on secret/api/external-keys by service_app1 - success
2025-08-30T17:08:07Z [INFO] core: list operation on secret/database/prod-credentials by deploy_service - success
2025-08-30T17:11:07Z [INFO] core: write operation on secret/database/prod-credentials by deploy_service - success
2025-08-30T17:25:07Z [INFO] core: read operation on secret/database/prod-credentials by service_app2 - success
2025-08-30T17:56:07Z [INFO] core: delete operation on secret/ssl/certificates by service_app2 - success
2025-08-30T18:00:07Z [INFO] core: read operation on secret/ssl/certificates by admin_user - success
2025-08-30T19:29:07Z [WARN] core: list operation on secret/encryption/master-keys by deploy_service - permission denied
2025-08-30T19:33:07Z [INFO] core: delete operation on secret/api/external-keys by service_app2 - success
2025-08-30T20:03:07Z [INFO] core: delete operation on secret/api/external-keys by deploy_service - success
2025-08-30T20:12:07Z [INFO] core: read operation on sys/policy/admin-policy by service_app1 - success
2025-08-30T20:19:07Z [INFO] core: delete operation on sys/policy/admin-policy by service_app2 - success
2025-08-30T20:24:07Z [INFO] core: delete operation on secret/api/external-keys by admin_user - success
2025-08-30T20:45:07Z [WARN] core: list operation on secret/encryption/master-keys by deploy_service - permission denied
2025-08-30T20:57:07Z [INFO] core: read operation on secret/encryption/master-keys by deploy_service - success
2025-08-30T21:08:07Z [INFO] core: write operation on secret/database/prod-credentials by service_app1 - success
2025-08-30T21:35:07Z [INFO] core: list operation on secret/ssl/certificates by service_app2 - success
2025-08-30T22:03:07Z [INFO] core: delete operation on sys/policy/admin-policy by service_app1 - success
2025-08-30T22:11:07Z [INFO] core: list operation on sys/policy/admin-policy by service_app1 - success
2025-08-30T22:34:07Z [INFO] core: delete operation on secret/ssl/certificates by service_app2 - success
2025-08-30T22:34:07Z [INFO] core: write operation on auth/ldap/config by admin_user - success
2025-08-30T22:55:07Z [INFO] core: delete operation on secret/database/prod-credentials by service_app1 - success
2025-08-30T23:05:07Z [INFO] core: list operation on secret/ssl/certificates by service_app2 - success
2025-08-30T23:35:07Z [INFO] core: list operation on secret/ssl/certificates by service_app2 - success
2025-08-30T23:35:07Z [INFO] core: read operation on secret/api/external-keys by service_app2 - success
2025-08-30T23:37:07Z [INFO] core: delete operation on secret/database/prod-credentials by service_app1 - success
2025-08-31T00:25:07Z [INFO] core: write operation on secret/ssl/certificates by admin_user - success
2025-08-31T00:29:07Z [INFO] core: list operation on sys/policy/admin-policy by admin_user - success
2025-08-31T00:32:07Z [INFO] core: write operation on secret/api/external-keys by admin_user - success
2025-08-31T00:41:07Z [INFO] core: list operation on sys/policy/admin-policy by service_app2 - success
2025-08-31T00:41:07Z [INFO] core: delete operation on auth/ldap/config by service_app1 - success
2025-08-31T01:12:07Z [INFO] core: delete operation on secret/database/prod-credentials by service_app1 - success
2025-08-31T01:50:07Z [INFO] core: delete operation on sys/policy/admin-policy by service_app2 - success
2025-08-31T02:00:07Z [INFO] core: read operation on sys/policy/admin-policy by service_app1 - success
2025-08-31T02:01:07Z [INFO] core: read operation on secret/encryption/master-keys by service_app2 - success
2025-08-31T02:06:07Z [INFO] core: write operation on secret/api/external-keys by admin_user - success
2025-08-31T02:54:07Z [INFO] core: list operation on auth/ldap/config by admin_user - success
2025-08-31T03:00:07Z [INFO] core: write operation on secret/database/prod-credentials by admin_user - success
2025-08-31T03:11:07Z [INFO] core: delete operation on secret/database/prod-credentials by admin_user - success
2025-08-31T04:19:07Z [INFO] core: list operation on secret/database/prod-credentials by deploy_service - success
2025-08-31T04:34:07Z [INFO] core: read operation on secret/encryption/master-keys by admin_user - success
2025-08-31T05:37:07Z [INFO] core: delete operation on secret/database/prod-credentials by service_app1 - success
2025-08-31T06:10:07Z [INFO] core: list operation on auth/ldap/config by service_app1 - success
2025-08-31T06:14:07Z [INFO] core: delete operation on secret/api/external-keys by deploy_service - success
2025-08-31T06:27:07Z [INFO] core: list operation on auth/ldap/config by service_app2 - success
2025-08-31T06:39:07Z [INFO] core: list operation on sys/policy/admin-policy by service_app1 - success
2025-08-31T07:21:07Z [INFO] core: read operation on secret/ssl/certificates by admin_user - success
2025-08-31T07:38:07Z [INFO] core: read operation on secret/encryption/master-keys by deploy_service - success
2025-08-31T08:02:07Z [INFO] core: write operation on secret/database/prod-credentials by service_app1 - success
2025-08-31T08:15:07Z [INFO] core: delete operation on secret/api/external-keys by admin_user - success
2025-08-31T08:20:07Z [WARN] core: write operation on secret/encryption/master-keys by service_app1 - permission denied
2025-08-31T08:23:07Z [INFO] core: delete operation on secret/ssl/certificates by deploy_service - success
2025-08-31T08:32:07Z [INFO] core: write operation on secret/api/external-keys by deploy_service - success
2025-08-31T08:49:07Z [INFO] core: write operation on secret/ssl/certificates by service_app1 - success
2025-08-31T09:55:07Z [INFO] core: read operation on secret/api/external-keys by deploy_service - success
2025-08-31T10:08:07Z [INFO] core: write operation on auth/ldap/config by deploy_service - success
2025-08-31T10:24:07Z [INFO] core: list operation on secret/encryption/master-keys by service_app1 - success
2025-08-31T10:42:07Z [INFO] core: read operation on sys/policy/admin-policy by service_app2 - success
2025-08-31T11:04:07Z [INFO] core: write operation on auth/ldap/config by service_app2 - success
2025-08-31T11:14:07Z [INFO] core: delete operation on secret/ssl/certificates by service_app1 - success
2025-08-31T11:40:07Z [INFO] core: list operation on sys/policy/admin-policy by admin_user - success
2025-08-31T11:57:07Z [INFO] core: delete operation on secret/ssl/certificates by service_app1 - success
2025-08-31T12:35:07Z [INFO] core: read operation on secret/encryption/master-keys by deploy_service - success
2025-08-31T12:42:07Z [INFO] core: write operation on secret/database/prod-credentials by deploy_service - success
2025-08-31T12:47:07Z [INFO] core: write operation on secret/encryption/master-keys by admin_user - success
2025-08-31T12:53:07Z [INFO] core: write operation on secret/encryption/master-keys by admin_user - success
2025-08-31T13:13:07Z [INFO] core: write operation on secret/ssl/certificates by deploy_service - success
2025-08-31T13:28:07Z [INFO] core: list operation on secret/database/prod-credentials by deploy_service - success
2025-08-31T13:30:07Z [INFO] core: read operation on secret/encryption/master-keys by admin_user - success
2025-08-31T14:00:07Z [INFO] core: list operation on secret/api/external-keys by admin_user - success
2025-08-31T14:17:07Z [INFO] core: delete operation on secret/encryption/master-keys by service_app1 - success
2025-08-31T15:00:07Z [INFO] core: read operation on auth/ldap/config by deploy_service - success
2025-08-31T15:32:07Z [INFO] core: list operation on secret/database/prod-credentials by service_app2 - success
2025-08-31T15:45:07Z [INFO] core: list operation on sys/policy/admin-policy by deploy_service - success
2025-08-31T15:47:07Z [INFO] core: write operation on secret/api/external-keys by deploy_service - success
2025-08-31T16:05:07Z [INFO] core: delete operation on sys/policy/admin-policy by deploy_service - success
2025-08-31T16:11:07Z [WARN] core: write operation on auth/ldap/config by deploy_service - permission denied
2025-08-31T17:04:07Z [INFO] core: write operation on auth/ldap/config by service_app2 - success
2025-08-31T18:11:07Z [WARN] core: read operation on secret/encryption/master-keys by service_app2 - permission denied
2025-08-31T18:30:07Z [INFO] core: delete operation on secret/api/external-keys by service_app2 - success
2025-08-31T18:40:07Z [INFO] core: list operation on secret/ssl/certificates by admin_user - success
2025-08-31T19:09:07Z [INFO] core: list operation on sys/policy/admin-policy by admin_user - success
2025-08-31T19:42:07Z [INFO] core: delete operation on auth/ldap/config by admin_user - success
2025-08-31T19:49:07Z [INFO] core: list operation on secret/ssl/certificates by admin_user - success
2025-08-31T20:32:07Z [INFO] core: write operation on auth/ldap/config by service_app1 - success
2025-08-31T20:33:07Z [INFO] core: list operation on sys/policy/admin-policy by service_app1 - success
2025-08-31T20:34:07Z [INFO] core: read operation on sys/policy/admin-policy by service_app1 - success
2025-08-31T20:41:07Z [INFO] core: delete operation on secret/database/prod-credentials by service_app1 - success
2025-08-31T20:44:07Z [INFO] core: list operation on auth/ldap/config by deploy_service - success
2025-08-31T21:10:07Z [INFO] core: list operation on secret/database/prod-credentials by deploy_service - success
2025-08-31T21:28:07Z [INFO] core: list operation on sys/policy/admin-policy by service_app2 - success
2025-08-31T22:05:07Z [INFO] core: write operation on auth/ldap/config by service_app2 - success
2025-08-31T22:18:07Z [INFO] core: list operation on secret/api/external-keys by service_app2 - success
2025-08-31T22:19:07Z [INFO] core: read operation on secret/encryption/master-keys by service_app1 - success
2025-08-31T22:46:07Z [INFO] core: list operation on secret/ssl/certificates by service_app2 - success
2025-08-31T23:20:07Z [INFO] core: list operation on secret/database/prod-credentials by deploy_service - success
2025-08-31T23:26:07Z [INFO] core: delete operation on sys/policy/admin-policy by deploy_service - success
2025-09-01T00:05:07Z [INFO] core: write operation on secret/ssl/certificates by deploy_service - success
2025-09-01T00:15:07Z [INFO] core: read operation on secret/encryption/master-keys by deploy_service - success
2025-09-01T00:54:07Z [INFO] core: read operation on secret/ssl/certificates by service_app2 - success
2025-09-01T02:55:07Z [INFO] core: read operation on secret/api/external-keys by admin_user - success
2025-09-01T02:56:07Z [INFO] core: list operation on secret/api/external-keys by service_app1 - success
2025-09-01T03:01:07Z [INFO] core: write operation on secret/database/prod-credentials by service_app1 - success
2025-09-01T03:29:07Z [INFO] core: delete operation on secret/api/external-keys by deploy_service - success
2025-09-01T03:46:07Z [INFO] core: delete operation on secret/api/external-keys by deploy_service - success
2025-09-01T04:47:07Z [INFO] core: list operation on auth/ldap/config by service_app2 - success
2025-09-01T04:57:07Z [INFO] core: write operation on secret/database/prod-credentials by service_app1 - success
2025-09-01T05:38:07Z [INFO] core: delete operation on sys/policy/admin-policy by service_app1 - success
2025-09-01T05:39:07Z [INFO] core: list operation on auth/ldap/config by service_app1 - success
2025-09-01T05:40:07Z [INFO] core: delete operation on sys/policy/admin-policy by deploy_service - success
2025-09-01T06:01:07Z [INFO] core: read operation on auth/ldap/config by service_app2 - success
2025-09-01T06:27:07Z [INFO] core: write operation on sys/policy/admin-policy by service_app1 - success
2025-09-01T06:42:07Z [INFO] core: list operation on auth/ldap/config by service_app1 - success
2025-09-01T06:48:07Z [INFO] core: write operation on auth/ldap/config by service_app1 - success
2025-09-01T06:53:07Z [INFO] core: delete operation on secret/api/external-keys by service_app2 - success
2025-09-01T07:11:07Z [WARN] core: write operation on secret/ssl/certificates by deploy_service - permission denied
2025-09-01T07:25:07Z [INFO] core: read operation on secret/database/prod-credentials by service_app2 - success
2025-09-01T07:48:07Z [INFO] core: write operation on secret/database/prod-credentials by admin_user - success
